<?xml version="1.0" encoding="UTF-8"?>
<!-- Generated by org.testng.reporters.JUnitReportReporter -->
<testsuite hostname="DESKTOP-L64HF8G" failures="0" tests="1" name="pack.C1" time="11.075" errors="0" timestamp="2024-05-27T16:02:30 IST" skipped="0">
  <testcase classname="pack.C1" name="p1" time="11.075"/>
  <system-out/>
</testsuite> <!-- pack.C1 -->
