<?xml version="1.0" encoding="UTF-8"?>
<!-- Generated by org.testng.reporters.JUnitReportReporter -->
<testsuite hostname="DESKTOP-L64HF8G" failures="0" tests="1" name="xtentreports.E1" time="10.727" errors="0" timestamp="2024-06-03T15:32:33 IST" skipped="0">
  <testcase classname="xtentreports.E1" name="extentReportsDemo" time="10.727"/>
  <system-out/>
</testsuite> <!-- xtentreports.E1 -->
